  BattleManager.cpp
D:\Pokemon\include\Battle\BattleManager.hpp(10,22): error C2653: 'N_Player': is not a class or namespace name
  (compiling source file 'src/Battle/BattleManager.cpp')
  
D:\Pokemon\src\Battle\BattleManager.cpp(10,21): error C2511: 'void N_Battle::BattleManager::startBattle(N_Player::Player &,N_Pokemon::Pokemon &)': overloaded member function not found in 'N_Battle::BattleManager'
      D:\Pokemon\include\Battle\BattleManager.hpp(8,7):
      see declaration of 'N_Battle::BattleManager'
  
D:\Pokemon\src\Battle\BattleManager.cpp(17,5): error C2352: 'N_Battle::BattleManager::battle': a call of a non-static member function requires an object
      D:\Pokemon\include\Battle\BattleManager.hpp(14,10):
      see declaration of 'N_Battle::BattleManager::battle'
  
  Game.cpp
D:\Pokemon\include\Main\Game.hpp(21,17): error C2653: 'N_Player': is not a class or namespace name
  (compiling source file 'src/Main/Game.cpp')
  
D:\Pokemon\include\Main\Game.hpp(22,24): error C2653: 'N_Player': is not a class or namespace name
  (compiling source file 'src/Main/Game.cpp')
  
D:\Pokemon\include\Battle\BattleManager.hpp(10,22): error C2653: 'N_Player': is not a class or namespace name
  (compiling source file 'src/Main/Game.cpp')
  
D:\Pokemon\src\Main\Game.cpp(13,12): error C2511: 'void N_Main::Game::gameLoop(N_Player::Player &)': overloaded member function not found in 'N_Main::Game'
      D:\Pokemon\include\Main\Game.hpp(9,7):
      see declaration of 'N_Main::Game'
  
D:\Pokemon\src\Main\Game.cpp(41,70): error C2597: illegal reference to non-static member 'N_Main::Game::forestGrass'
      D:\Pokemon\include\Main\Game.hpp(11,22):
      see declaration of 'N_Main::Game::forestGrass'
  
D:\Pokemon\src\Main\Game.cpp(42,27): error C2664: 'void N_Battle::BattleManager::startBattle(Player &,N_Pokemon::Pokemon &)': cannot convert argument 1 from 'N_Player::Player' to 'Player &'
      D:\Pokemon\include\Battle\BattleManager.hpp(10,10):
      see declaration of 'N_Battle::BattleManager::startBattle'
      D:\Pokemon\src\Main\Game.cpp(42,27):
      while trying to match the argument list '(N_Player::Player, N_Pokemon::Pokemon)'
  
D:\Pokemon\src\Main\Game.cpp(46,13): error C2664: 'void N_Main::Game::visitPokeCenter(N_Main::Player &)': cannot convert argument 1 from 'N_Player::Player' to 'N_Main::Player &'
      D:\Pokemon\include\Main\Game.hpp(22,8):
      see declaration of 'N_Main::Game::visitPokeCenter'
      D:\Pokemon\src\Main\Game.cpp(46,13):
      while trying to match the argument list '(N_Player::Player)'
  
D:\Pokemon\src\Main\Game.cpp(84,12): error C2511: 'void N_Main::Game::visitPokeCenter(N_Player::Player &)': overloaded member function not found in 'N_Main::Game'
      D:\Pokemon\include\Main\Game.hpp(9,7):
      see declaration of 'N_Main::Game'
  
  main.cpp
D:\Pokemon\include\Main\Game.hpp(21,17): error C2653: 'N_Player': is not a class or namespace name
  (compiling source file 'src/main.cpp')
  
D:\Pokemon\include\Main\Game.hpp(22,24): error C2653: 'N_Player': is not a class or namespace name
  (compiling source file 'src/main.cpp')
  
D:\Pokemon\src\main.cpp(27,7): error C2664: 'void N_Main::Game::gameLoop(N_Main::Player &)': cannot convert argument 1 from 'N_Player::Player' to 'N_Main::Player &'
      D:\Pokemon\include\Main\Game.hpp(21,8):
      see declaration of 'N_Main::Game::gameLoop'
      D:\Pokemon\src\main.cpp(27,7):
      while trying to match the argument list '(N_Player::Player)'
  
  ProfessorOak.cpp
D:\Pokemon\include\Character\ProfessorOak.hpp(11,15): error C2061: syntax error: identifier 'string'
  (compiling source file 'src/Character/ProfessorOak.cpp')
  
D:\Pokemon\include\Character\ProfessorOak.hpp(12,19): error C2653: 'N_Player': is not a class or namespace name
  (compiling source file 'src/Character/ProfessorOak.cpp')
  
D:\Pokemon\include\Character\ProfessorOak.hpp(13,27): error C2653: 'N_Player': is not a class or namespace name
  (compiling source file 'src/Character/ProfessorOak.cpp')
  
D:\Pokemon\include\Character\ProfessorOak.hpp(14,24): error C2653: 'N_Player': is not a class or namespace name
  (compiling source file 'src/Character/ProfessorOak.cpp')
  
D:\Pokemon\src\Character\ProfessorOak.cpp(11,15): error C2511: 'N_Character::ProfessorOak::ProfessorOak(std::string)': overloaded member function not found in 'N_Character::ProfessorOak'
      D:\Pokemon\include\Character\ProfessorOak.hpp(7,7):
      see declaration of 'N_Character::ProfessorOak'
  
D:\Pokemon\src\Character\ProfessorOak.cpp(11,45): error C2597: illegal reference to non-static member 'N_Character::ProfessorOak::name'
      D:\Pokemon\include\Character\ProfessorOak.hpp(9,14):
      see declaration of 'N_Character::ProfessorOak::name'
  
D:\Pokemon\src\Character\ProfessorOak.cpp(13,20): error C2511: 'void N_Character::ProfessorOak::greetPlayer(N_Player::Player &)': overloaded member function not found in 'N_Character::ProfessorOak'
      D:\Pokemon\include\Character\ProfessorOak.hpp(7,7):
      see declaration of 'N_Character::ProfessorOak'
  
D:\Pokemon\src\Character\ProfessorOak.cpp(15,13): error C2597: illegal reference to non-static member 'N_Character::ProfessorOak::name'
      D:\Pokemon\include\Character\ProfessorOak.hpp(9,14):
      see declaration of 'N_Character::ProfessorOak::name'
      D:\Pokemon\src\Character\ProfessorOak.cpp(15,13):
      the template instantiation context (the oldest one first) is
          D:\Pokemon\src\Character\ProfessorOak.cpp(15,5):
          see reference to function template instantiation 'std::basic_ostream<_Elem,_Traits> &std::operator <<(std::basic_ostream<_Elem,_Traits> &,const std::error_code &)' being compiled
  
D:\Pokemon\src\Character\ProfessorOak.cpp(17,13): error C2597: illegal reference to non-static member 'N_Character::ProfessorOak::name'
      D:\Pokemon\include\Character\ProfessorOak.hpp(9,14):
      see declaration of 'N_Character::ProfessorOak::name'
      D:\Pokemon\src\Character\ProfessorOak.cpp(17,13):
      the template instantiation context (the oldest one first) is
          D:\Pokemon\src\Character\ProfessorOak.cpp(17,5):
          see reference to function template instantiation 'std::basic_ostream<_Elem,_Traits> &std::operator <<(std::basic_ostream<_Elem,_Traits> &,const std::error_code &)' being compiled
  
D:\Pokemon\src\Character\ProfessorOak.cpp(19,13): error C2597: illegal reference to non-static member 'N_Character::ProfessorOak::name'
      D:\Pokemon\include\Character\ProfessorOak.hpp(9,14):
      see declaration of 'N_Character::ProfessorOak::name'
      D:\Pokemon\src\Character\ProfessorOak.cpp(19,13):
      the template instantiation context (the oldest one first) is
          D:\Pokemon\src\Character\ProfessorOak.cpp(19,5):
          see reference to function template instantiation 'std::basic_ostream<_Elem,_Traits> &std::operator <<(std::basic_ostream<_Elem,_Traits> &,const std::error_code &)' being compiled
  
D:\Pokemon\src\Character\ProfessorOak.cpp(23,20): error C2511: 'void N_Character::ProfessorOak::offerPokemonChoices(N_Player::Player &)': overloaded member function not found in 'N_Character::ProfessorOak'
      D:\Pokemon\include\Character\ProfessorOak.hpp(7,7):
      see declaration of 'N_Character::ProfessorOak'
  
D:\Pokemon\src\Character\ProfessorOak.cpp(26,12): error C2597: illegal reference to non-static member 'N_Character::ProfessorOak::name'
      D:\Pokemon\include\Character\ProfessorOak.hpp(9,14):
      see declaration of 'N_Character::ProfessorOak::name'
      D:\Pokemon\src\Character\ProfessorOak.cpp(26,12):
      the template instantiation context (the oldest one first) is
          D:\Pokemon\src\Character\ProfessorOak.cpp(25,5):
          see reference to function template instantiation 'std::basic_ostream<_Elem,_Traits> &std::operator <<(std::basic_ostream<_Elem,_Traits> &,const std::error_code &)' being compiled
  
D:\Pokemon\src\Character\ProfessorOak.cpp(29,13): error C2597: illegal reference to non-static member 'N_Character::ProfessorOak::name'
      D:\Pokemon\include\Character\ProfessorOak.hpp(9,14):
      see declaration of 'N_Character::ProfessorOak::name'
      D:\Pokemon\src\Character\ProfessorOak.cpp(29,13):
      the template instantiation context (the oldest one first) is
          D:\Pokemon\src\Character\ProfessorOak.cpp(29,5):
          see reference to function template instantiation 'std::basic_ostream<_Elem,_Traits> &std::operator <<(std::basic_ostream<_Elem,_Traits> &,const std::error_code &)' being compiled
  
D:\Pokemon\src\Character\ProfessorOak.cpp(31,13): error C2597: illegal reference to non-static member 'N_Character::ProfessorOak::name'
      D:\Pokemon\include\Character\ProfessorOak.hpp(9,14):
      see declaration of 'N_Character::ProfessorOak::name'
      D:\Pokemon\src\Character\ProfessorOak.cpp(31,13):
      the template instantiation context (the oldest one first) is
          D:\Pokemon\src\Character\ProfessorOak.cpp(31,5):
          see reference to function template instantiation 'std::basic_ostream<_Elem,_Traits> &std::operator <<(std::basic_ostream<_Elem,_Traits> &,const std::error_code &)' being compiled
  
D:\Pokemon\src\Character\ProfessorOak.cpp(37,13): error C2597: illegal reference to non-static member 'N_Character::ProfessorOak::name'
      D:\Pokemon\include\Character\ProfessorOak.hpp(9,14):
      see declaration of 'N_Character::ProfessorOak::name'
      D:\Pokemon\src\Character\ProfessorOak.cpp(37,13):
      the template instantiation context (the oldest one first) is
          D:\Pokemon\src\Character\ProfessorOak.cpp(37,5):
          see reference to function template instantiation 'std::basic_ostream<_Elem,_Traits> &std::operator <<(std::basic_ostream<_Elem,_Traits> &,const std::error_code &)' being compiled
  
D:\Pokemon\src\Character\ProfessorOak.cpp(40,13): error C2597: illegal reference to non-static member 'N_Character::ProfessorOak::name'
      D:\Pokemon\include\Character\ProfessorOak.hpp(9,14):
      see declaration of 'N_Character::ProfessorOak::name'
      D:\Pokemon\src\Character\ProfessorOak.cpp(40,13):
      the template instantiation context (the oldest one first) is
          D:\Pokemon\src\Character\ProfessorOak.cpp(40,5):
          see reference to function template instantiation 'std::basic_ostream<_Elem,_Traits> &std::operator <<(std::basic_ostream<_Elem,_Traits> &,const std::error_code &)' being compiled
  
D:\Pokemon\src\Character\ProfessorOak.cpp(46,13): error C2597: illegal reference to non-static member 'N_Character::ProfessorOak::name'
      D:\Pokemon\include\Character\ProfessorOak.hpp(9,14):
      see declaration of 'N_Character::ProfessorOak::name'
      D:\Pokemon\src\Character\ProfessorOak.cpp(46,13):
      the template instantiation context (the oldest one first) is
          D:\Pokemon\src\Character\ProfessorOak.cpp(46,5):
          see reference to function template instantiation 'std::basic_ostream<_Elem,_Traits> &std::operator <<(std::basic_ostream<_Elem,_Traits> &,const std::error_code &)' being compiled
  
D:\Pokemon\src\Character\ProfessorOak.cpp(54,20): error C2511: 'void N_Character::ProfessorOak::explainMainQuest(N_Player::Player &)': overloaded member function not found in 'N_Character::ProfessorOak'
      D:\Pokemon\include\Character\ProfessorOak.hpp(7,7):
      see declaration of 'N_Character::ProfessorOak'
  
  WildEncounterManager.cpp
D:\Pokemon\include\Battle\WildEncounterManager.hpp(11,5): error C2653: 'N_Pokemon': is not a class or namespace name
  (compiling source file 'src/Battle/WildEncounterManager.cpp')
  
D:\Pokemon\include\Battle\WildEncounterManager.hpp(11,56): error C2653: 'N_Pokemon': is not a class or namespace name
  (compiling source file 'src/Battle/WildEncounterManager.cpp')
  
D:\Pokemon\src\Battle\WildEncounterManager.cpp(11,12): warning C4244: 'argument': conversion from 'time_t' to 'unsigned int', possible loss of data
D:\Pokemon\src\Battle\WildEncounterManager.cpp(14,42): error C2511: 'N_Pokemon::Pokemon N_Battle::WildEncounterManager::getRandomPokemonFromGrass(const N_Pokemon::Grass &)': overloaded member function not found in 'N_Battle::WildEncounterManager'
      D:\Pokemon\include\Battle\WildEncounterManager.hpp(8,7):
      see declaration of 'N_Battle::WildEncounterManager'
  
  Generating Code...
